/*C1*/SET SCHEMA SYSTEM_LOBS
INSERT INTO BLOCKS VALUES(0,2147483647,0)
COMMIT
/*C2*/SET SCHEMA PUBLIC
drop table user if exists
drop table user_roles if exists
create table user (\u000a\u0009username varchar(20) not null,\u000a\u0009password varchar(100) not null,\u000a\u0009name varchar(100),\u000a\u0009lastName varchar(100),\u000a\u0009email varchar(100),\u000a\u0009credit integer not null,\u000a\u0009primary key (username)\u000a)
DISCONNECT
/*C3*/SET SCHEMA PUBLIC
drop table user if exists
drop table user_roles if exists
create table user (\u000a\u0009username varchar(20) not null,\u000a\u0009password varchar(100) not null,\u000a\u0009name varchar(100),\u000a\u0009lastName varchar(100),\u000a\u0009email varchar(100),\u000a\u0009credit integer not null,\u000a\u0009primary key (username)\u000a)
create table user_roles (\u000a\u0009username varchar(20) not null,\u000a\u0009role varchar(20),\u000a\u0009constraint username_fk foreign key(username)\u000a\u0009references user(username)\u000a)
DISCONNECT
/*C4*/SET SCHEMA PUBLIC
INSERT INTO USER VALUES('admin','admin','Super','Power','god@universe.com',0)
COMMIT
INSERT INTO USER_ROLES VALUES('admin','admin')
COMMIT
INSERT INTO USER_ROLES VALUES('admin','regular')
COMMIT
/*C5*/SET SCHEMA PUBLIC
DISCONNECT
/*C6*/SET SCHEMA PUBLIC
DISCONNECT
/*C8*/SET SCHEMA PUBLIC
DISCONNECT
/*C9*/SET SCHEMA PUBLIC
DISCONNECT
/*C10*/SET SCHEMA PUBLIC
DISCONNECT
/*C7*/SET SCHEMA PUBLIC
DISCONNECT
/*C12*/SET SCHEMA PUBLIC
DISCONNECT
